03-Sep-2020 17:24:45.460 INFO [http-nio2-8080-exec-21] org.apache.coyote.http11.Http11Processor.service Error parsing HTTP request header
 Note: further occurrences of HTTP header parsing errors will be logged at DEBUG level.
 java.lang.IllegalArgumentException: Invalid character found in method name. HTTP method names must be tokens
	at org.apache.coyote.http11.Http11InputBuffer.parseRequestLine(Http11InputBuffer.java:417)
	at org.apache.coyote.http11.Http11Processor.service(Http11Processor.java:667)
	at org.apache.coyote.AbstractProcessorLight.process(AbstractProcessorLight.java:66)
	at org.apache.coyote.AbstractProtocol$ConnectionHandler.process(AbstractProtocol.java:789)
	at org.apache.tomcat.util.net.Nio2Endpoint$SocketProcessor.doRun(Nio2Endpoint.java:1694)
	at org.apache.tomcat.util.net.SocketProcessorBase.run(SocketProcessorBase.java:49)
	at org.apache.tomcat.util.net.AbstractEndpoint.processSocket(AbstractEndpoint.java:905)
	at org.apache.tomcat.util.net.Nio2Endpoint$Nio2SocketWrapper$4.completed(Nio2Endpoint.java:623)
	at org.apache.tomcat.util.net.Nio2Endpoint$Nio2SocketWrapper$4.completed(Nio2Endpoint.java:601)
	at sun.nio.ch.Invoker.invokeUnchecked(Invoker.java:126)
	at sun.nio.ch.Invoker$2.run(Invoker.java:218)
	at sun.nio.ch.AsynchronousChannelGroupImpl$1.run(AsynchronousChannelGroupImpl.java:112)
	at java.util.concurrent.ThreadPoolExecutor.runWorker(ThreadPoolExecutor.java:1142)
	at java.util.concurrent.ThreadPoolExecutor$Worker.run(ThreadPoolExecutor.java:617)
	at org.apache.tomcat.util.threads.TaskThread$WrappingRunnable.run(TaskThread.java:61)
	at java.lang.Thread.run(Thread.java:745)

03-Sep-2020 17:35:34.622 SEVERE [ajp-nio-8009-exec-1] org.apache.coyote.ajp.AjpMessage.processHeader Invalid message received with signature 18245
03-Sep-2020 17:35:34.627 SEVERE [ajp-nio-8009-exec-2] org.apache.coyote.ajp.AjpMessage.processHeader Invalid message received with signature 5635
03-Sep-2020 17:35:34.630 SEVERE [ajp-nio-8009-exec-3] org.apache.coyote.ajp.AjpMessage.processHeader Invalid message received with signature 32926
03-Sep-2020 17:35:34.633 SEVERE [ajp-nio-8009-exec-4] org.apache.coyote.ajp.AjpMessage.processHeader Invalid message received with signature 18245
